TN:
SF:src/app.ts
FN:18,(anonymous_1)
FN:29,init
FN:34,close
FNF:3
FNH:1
FNDA:0,(anonymous_1)
FNDA:2,init
FNDA:0,close
DA:1,2
DA:2,2
DA:3,2
DA:4,2
DA:6,2
DA:8,2
DA:10,2
DA:11,2
DA:14,2
DA:15,2
DA:18,0
DA:29,2
DA:30,2
DA:31,2
DA:34,2
DA:35,0
DA:38,2
LF:17
LH:15
BRF:0
BRH:0
end_of_record
TN:
SF:src/config/database.ts
FN:4,connectDb
FN:8,disconnectDB
FNF:2
FNH:1
FNDA:2,connectDb
FNDA:0,disconnectDB
DA:1,2
DA:4,2
DA:5,2
DA:8,2
DA:9,0
LF:5
LH:4
BRF:0
BRH:0
end_of_record
TN:
SF:src/config/envs.ts
FN:4,loadEnv
FNF:1
FNH:1
FNDA:4,loadEnv
DA:1,2
DA:2,2
DA:4,2
DA:6,4
DA:12,4
DA:13,4
LF:6
LH:6
BRDA:6,0,0,4
BRDA:6,0,1,0
BRDA:8,1,0,0
BRDA:8,1,1,0
BRF:4
BRH:1
end_of_record
TN:
SF:src/config/index.ts
FNF:0
FNH:0
DA:1,2
DA:2,2
LF:2
LH:2
BRF:0
BRH:0
end_of_record
TN:
SF:src/controllers/authentication-controller.ts
FN:5,singInPost
FNF:1
FNH:0
FNDA:0,singInPost
DA:2,2
DA:3,2
DA:5,2
DA:6,0
DA:8,0
DA:9,0
DA:11,0
DA:13,0
LF:8
LH:3
BRF:0
BRH:0
end_of_record
TN:
SF:src/controllers/booking-controller.ts
FN:6,getBooking
FN:16,postBooking
FNF:2
FNH:1
FNDA:2,getBooking
FNDA:0,postBooking
DA:3,2
DA:4,2
DA:6,2
DA:7,2
DA:8,2
DA:9,2
DA:10,1
DA:12,1
DA:16,2
DA:17,0
DA:18,0
DA:19,0
DA:20,0
DA:21,0
DA:23,0
DA:24,0
DA:26,0
DA:27,0
LF:18
LH:9
BRDA:23,0,0,0
BRDA:26,1,0,0
BRF:2
BRH:0
end_of_record
TN:
SF:src/controllers/enrollments-controller.ts
FN:6,getEnrollmentByUser
FN:18,postCreateOrUpdateEnrollment
FN:31,getAddressFromCEP
FNF:3
FNH:0
FNDA:0,getEnrollmentByUser
FNDA:0,postCreateOrUpdateEnrollment
FNDA:0,getAddressFromCEP
DA:2,2
DA:4,2
DA:6,2
DA:7,0
DA:9,0
DA:10,0
DA:12,0
DA:14,0
DA:18,2
DA:19,0
DA:20,0
DA:25,0
DA:27,0
DA:31,2
DA:32,0
DA:34,0
DA:35,0
DA:36,0
DA:38,0
DA:39,0
LF:20
LH:5
BRDA:38,0,0,0
BRF:1
BRH:0
end_of_record
TN:
SF:src/controllers/events-controller.ts
FN:5,getDefaultEvent
FNF:1
FNH:0
FNDA:0,getDefaultEvent
DA:2,2
DA:3,2
DA:5,2
DA:6,0
DA:7,0
DA:8,0
DA:10,0
LF:7
LH:3
BRF:0
BRH:0
end_of_record
TN:
SF:src/controllers/hotels-controller.ts
FN:6,getHotels
FN:21,getHotelsById
FNF:2
FNH:0
FNDA:0,getHotels
FNDA:0,getHotelsById
DA:3,2
DA:4,2
DA:6,2
DA:7,0
DA:8,0
DA:9,0
DA:10,0
DA:12,0
DA:13,0
DA:15,0
DA:16,0
DA:21,2
DA:22,0
DA:23,0
DA:24,0
DA:25,0
DA:27,0
DA:28,0
DA:29,0
DA:31,0
DA:32,0
DA:34,0
DA:35,0
LF:23
LH:4
BRDA:12,0,0,0
BRDA:15,1,0,0
BRDA:24,2,0,0
BRDA:24,3,0,0
BRDA:24,3,1,0
BRDA:31,4,0,0
BRDA:34,5,0,0
BRF:7
BRH:0
end_of_record
TN:
SF:src/controllers/index.ts
FNF:0
FNH:0
DA:1,2
DA:2,2
DA:3,2
DA:4,2
LF:4
LH:4
BRF:0
BRH:0
end_of_record
TN:
SF:src/controllers/payments-controller.ts
FN:7,getPayment
FN:25,postPayment
FNF:2
FNH:0
FNDA:0,getPayment
FNDA:0,postPayment
DA:3,2
DA:4,2
DA:7,2
DA:8,0
DA:9,0
DA:10,0
DA:11,0
DA:12,0
DA:13,0
DA:14,0
DA:15,0
DA:17,0
DA:18,0
DA:20,0
DA:25,2
DA:26,0
DA:27,0
DA:28,0
DA:29,0
DA:30,0
DA:31,0
DA:33,0
DA:34,0
DA:36,0
LF:24
LH:4
BRDA:10,0,0,0
BRDA:17,1,0,0
BRDA:33,2,0,0
BRF:3
BRH:0
end_of_record
TN:
SF:src/controllers/tickets-controller.ts
FN:6,getTicketsType
FN:12,getTickets
FN:22,postTicket
FNF:3
FNH:0
FNDA:0,getTicketsType
FNDA:0,getTickets
FNDA:0,postTicket
DA:2,2
DA:3,2
DA:6,2
DA:7,0
DA:9,0
DA:12,2
DA:13,0
DA:14,0
DA:15,0
DA:16,0
DA:18,0
DA:22,2
DA:23,0
DA:24,0
DA:25,0
DA:26,0
DA:27,0
DA:29,0
DA:30,0
DA:32,0
LF:20
LH:5
BRDA:29,0,0,0
BRF:1
BRH:0
end_of_record
TN:
SF:src/controllers/users-controller.ts
FN:5,usersPost
FNF:1
FNH:0
FNDA:0,usersPost
DA:2,2
DA:3,2
DA:5,2
DA:6,0
DA:8,0
DA:9,0
DA:10,0
DA:15,0
DA:16,0
DA:18,0
LF:10
LH:3
BRDA:15,0,0,0
BRF:1
BRH:0
end_of_record
TN:
SF:src/errors/cannot-enroll-before-start-date-error.ts
FN:3,cannotEnrollBeforeStartDateError
FNF:1
FNH:0
FNDA:0,cannotEnrollBeforeStartDateError
DA:3,2
DA:4,0
LF:2
LH:1
BRF:0
BRH:0
end_of_record
TN:
SF:src/errors/conflict-error.ts
FN:3,conflictError
FNF:1
FNH:0
FNDA:0,conflictError
DA:3,2
DA:4,0
LF:2
LH:1
BRF:0
BRH:0
end_of_record
TN:
SF:src/errors/forbidden-error.ts
FN:3,ForbiddenError
FNF:1
FNH:1
FNDA:1,ForbiddenError
DA:3,2
DA:4,1
LF:2
LH:2
BRF:0
BRH:0
end_of_record
TN:
SF:src/errors/index.ts
FNF:0
FNH:0
DA:1,2
DA:2,2
DA:3,2
DA:4,2
DA:5,2
DA:6,2
DA:7,2
DA:8,2
DA:9,2
LF:9
LH:9
BRF:0
BRH:0
end_of_record
TN:
SF:src/errors/invalid-data-error.ts
FN:3,invalidDataError
FNF:1
FNH:0
FNDA:0,invalidDataError
DA:3,2
DA:4,0
LF:2
LH:1
BRF:0
BRH:0
end_of_record
TN:
SF:src/errors/invalid-email-error.ts
FN:3,invalidEmailError
FNF:1
FNH:0
FNDA:0,invalidEmailError
DA:3,2
DA:4,0
LF:2
LH:1
BRF:0
BRH:0
end_of_record
TN:
SF:src/errors/not-found-error.ts
FN:3,notFoundError
FNF:1
FNH:1
FNDA:3,notFoundError
DA:3,2
DA:4,3
LF:2
LH:2
BRF:0
BRH:0
end_of_record
TN:
SF:src/errors/payment-is-required.ts
FN:3,paymentRequired
FNF:1
FNH:0
FNDA:0,paymentRequired
DA:3,2
DA:4,0
LF:2
LH:1
BRF:0
BRH:0
end_of_record
TN:
SF:src/errors/request-error.ts
FN:3,requestError
FNF:1
FNH:0
FNDA:0,requestError
DA:3,2
DA:4,0
LF:2
LH:1
BRF:0
BRH:0
end_of_record
TN:
SF:src/errors/unauthorized-error.ts
FN:3,unauthorizedError
FNF:1
FNH:1
FNDA:3,unauthorizedError
DA:3,2
DA:4,3
LF:2
LH:2
BRF:0
BRH:0
end_of_record
TN:
SF:src/middlewares/authentication-middleware.ts
FN:8,authenticateToken
FN:33,generateUnauthorizedResponse
FNF:2
FNH:2
FNDA:5,authenticateToken
FNDA:3,generateUnauthorizedResponse
DA:2,2
DA:3,2
DA:5,2
DA:6,2
DA:8,2
DA:9,5
DA:10,5
DA:12,4
DA:13,4
DA:15,4
DA:16,4
DA:18,3
DA:23,3
DA:25,2
DA:27,2
DA:29,1
DA:34,3
LF:17
LH:17
BRDA:10,0,0,1
BRDA:13,1,0,0
BRDA:23,2,0,1
BRF:3
BRH:2
end_of_record
TN:
SF:src/middlewares/error-handling-middleware.ts
FN:5,handleApplicationErrors
FNF:1
FNH:0
FNDA:0,handleApplicationErrors
DA:2,2
DA:5,2
DA:11,0
DA:12,0
DA:17,0
DA:18,0
DA:23,0
DA:24,0
DA:29,0
DA:30,0
DA:35,0
DA:36,0
DA:42,0
DA:43,0
LF:14
LH:2
BRDA:11,0,0,0
BRDA:17,1,0,0
BRDA:17,2,0,0
BRDA:17,2,1,0
BRDA:23,3,0,0
BRDA:29,4,0,0
BRDA:35,5,0,0
BRF:7
BRH:0
end_of_record
TN:
SF:src/middlewares/index.ts
FNF:0
FNH:0
DA:1,2
DA:2,2
DA:3,2
DA:4,2
LF:4
LH:4
BRF:0
BRH:0
end_of_record
TN:
SF:src/middlewares/validation-middleware.ts
FN:6,validateBody
FN:10,validateParams
FN:14,validate
FN:15,(anonymous_4)
FN:23,(anonymous_5)
FNF:5
FNH:2
FNDA:12,validateBody
FNDA:0,validateParams
FNDA:12,validate
FNDA:0,(anonymous_4)
FNDA:0,(anonymous_5)
DA:2,2
DA:4,2
DA:6,2
DA:7,12
DA:10,2
DA:11,0
DA:15,12
DA:16,0
DA:20,0
DA:21,0
DA:23,0
LF:11
LH:6
BRDA:20,0,0,0
BRDA:20,0,1,0
BRF:2
BRH:0
end_of_record
TN:
SF:src/middlewares/verifyEnrollmentAndTicket.ts
FN:4,verifyEnrollmentAndTicket
FN:18,verifyTicketAndTicketType
FN:30,verifyEnrollment
FN:38,verifyTicket
FNF:4
FNH:0
FNDA:0,verifyEnrollmentAndTicket
FNDA:0,verifyTicketAndTicketType
FNDA:0,verifyEnrollment
FNDA:0,verifyTicket
DA:1,2
DA:2,2
DA:4,2
DA:5,0
DA:6,0
DA:7,0
DA:9,0
DA:10,0
DA:11,0
DA:13,0
DA:14,0
DA:18,2
DA:19,0
DA:20,0
DA:21,0
DA:23,0
DA:24,0
DA:25,0
DA:30,2
DA:31,0
DA:38,2
DA:40,0
LF:22
LH:6
BRDA:6,0,0,0
BRDA:10,1,0,0
BRDA:13,2,0,0
BRDA:13,3,0,0
BRDA:13,3,1,0
BRDA:13,3,2,0
BRDA:20,4,0,0
BRDA:24,5,0,0
BRDA:24,6,0,0
BRDA:24,6,1,0
BRDA:24,6,2,0
BRF:11
BRH:0
end_of_record
TN:
SF:src/repositories/address-repository/index.ts
FN:4,upsert
FNF:1
FNH:0
FNDA:0,upsert
DA:2,2
DA:5,0
DA:20,2
DA:24,2
LF:4
LH:3
BRF:0
BRH:0
end_of_record
TN:
SF:src/repositories/booking-repository/index.ts
FN:3,getBooking
FN:9,verifyRoomId
FN:15,roomVacancy
FN:20,postBooking
FNF:4
FNH:1
FNDA:2,getBooking
FNDA:0,verifyRoomId
FNDA:0,roomVacancy
FNDA:0,postBooking
DA:1,2
DA:3,2
DA:4,2
DA:9,2
DA:10,0
DA:15,2
DA:16,0
DA:20,2
DA:21,0
DA:27,0
LF:10
LH:6
BRF:0
BRH:0
end_of_record
TN:
SF:src/repositories/enrollment-repository/index.ts
FN:4,findWithAddressByUserId
FN:13,upsert
FNF:2
FNH:0
FNDA:0,findWithAddressByUserId
FNDA:0,upsert
DA:2,2
DA:5,0
DA:18,0
DA:30,2
DA:35,2
LF:5
LH:3
BRF:0
BRH:0
end_of_record
TN:
SF:src/repositories/event-repository/index.ts
FN:3,findFirst
FNF:1
FNH:0
FNDA:0,findFirst
DA:1,2
DA:4,0
DA:7,2
DA:11,2
LF:4
LH:3
BRF:0
BRH:0
end_of_record
TN:
SF:src/repositories/hotels-repository/index.ts
FN:3,getHotels
FN:7,getHotelsById
FNF:2
FNH:0
FNDA:0,getHotels
FNDA:0,getHotelsById
DA:1,2
DA:3,2
DA:4,0
DA:7,2
DA:8,0
DA:12,0
LF:6
LH:3
BRF:0
BRH:0
end_of_record
TN:
SF:src/repositories/payments-repository/index.ts
FN:4,getTicket
FN:9,getEnrollment
FN:22,getPayment
FN:32,postPayment
FNF:4
FNH:0
FNDA:0,getTicket
FNDA:0,getEnrollment
FNDA:0,getPayment
FNDA:0,postPayment
DA:1,2
DA:4,2
DA:5,0
DA:6,0
DA:9,2
DA:11,0
DA:19,0
DA:22,2
DA:23,0
DA:28,0
DA:32,2
DA:33,0
DA:44,0
DA:58,0
LF:14
LH:5
BRF:0
BRH:0
end_of_record
TN:
SF:src/repositories/session-repository/index.ts
FN:4,create
FNF:1
FNH:0
FNDA:0,create
DA:2,2
DA:5,0
DA:10,2
DA:14,2
LF:4
LH:3
BRF:0
BRH:0
end_of_record
TN:
SF:src/repositories/tickets-repository/index.ts
FN:4,getTicketsType
FN:9,getUniqueTicketType
FN:14,getTickets
FN:20,getEnrollmentId
FN:28,createTicket
FNF:5
FNH:0
FNDA:0,getTicketsType
FNDA:0,getUniqueTicketType
FNDA:0,getTickets
FNDA:0,getEnrollmentId
FNDA:0,createTicket
DA:1,2
DA:4,2
DA:5,0
DA:6,0
DA:9,2
DA:10,0
DA:11,0
DA:14,2
DA:15,0
DA:16,0
DA:17,0
DA:20,2
DA:21,0
DA:25,0
DA:28,2
DA:29,0
DA:37,0
LF:17
LH:6
BRF:0
BRH:0
end_of_record
TN:
SF:src/repositories/user-repository/index.ts
FN:4,findByEmail
FN:18,create
FNF:2
FNH:0
FNDA:0,findByEmail
FNDA:0,create
DA:2,2
DA:5,0
DA:11,0
DA:12,0
DA:15,0
DA:19,0
DA:24,2
DA:29,2
LF:8
LH:3
BRDA:11,0,0,0
BRF:1
BRH:0
end_of_record
TN:
SF:src/routers/authentication-router.ts
FNF:0
FNH:0
DA:1,2
DA:2,2
DA:3,2
DA:4,2
DA:6,2
DA:8,2
DA:10,2
LF:7
LH:7
BRF:0
BRH:0
end_of_record
TN:
SF:src/routers/booking-router.ts
FNF:0
FNH:0
DA:1,2
DA:2,2
DA:3,2
DA:4,2
DA:6,2
DA:8,2
DA:9,2
DA:10,2
DA:12,2
LF:9
LH:9
BRF:0
BRH:0
end_of_record
TN:
SF:src/routers/enrollments-router.ts
FNF:0
FNH:0
DA:1,2
DA:2,2
DA:3,2
DA:4,2
DA:6,2
DA:8,2
DA:14,2
LF:7
LH:7
BRF:0
BRH:0
end_of_record
TN:
SF:src/routers/events-router.ts
FNF:0
FNH:0
DA:1,2
DA:2,2
DA:4,2
DA:6,2
DA:8,2
LF:5
LH:5
BRF:0
BRH:0
end_of_record
TN:
SF:src/routers/hotels-router.ts
FNF:0
FNH:0
DA:1,2
DA:2,2
DA:3,2
DA:5,2
DA:7,2
DA:8,2
DA:10,2
LF:7
LH:7
BRF:0
BRH:0
end_of_record
TN:
SF:src/routers/index.ts
FNF:0
FNH:0
DA:1,2
DA:2,2
DA:3,2
DA:4,2
DA:5,2
DA:6,2
DA:7,2
DA:8,2
LF:8
LH:8
BRF:0
BRH:0
end_of_record
TN:
SF:src/routers/payments-router.ts
FNF:0
FNH:0
DA:1,2
DA:2,2
DA:3,2
DA:4,2
DA:6,2
DA:8,2
DA:9,2
DA:11,2
LF:8
LH:8
BRF:0
BRH:0
end_of_record
TN:
SF:src/routers/tickets-router.ts
FNF:0
FNH:0
DA:1,2
DA:2,2
DA:3,2
DA:4,2
DA:6,2
DA:7,2
DA:9,2
DA:10,2
DA:11,2
DA:13,2
LF:10
LH:10
BRF:0
BRH:0
end_of_record
TN:
SF:src/routers/users-router.ts
FNF:0
FNH:0
DA:1,2
DA:3,2
DA:4,2
DA:5,2
DA:7,2
DA:9,2
DA:11,2
LF:7
LH:7
BRF:0
BRH:0
end_of_record
TN:
SF:src/schemas/authentication-schemas.ts
FNF:0
FNH:0
DA:1,2
DA:4,2
LF:2
LH:2
BRF:0
BRH:0
end_of_record
TN:
SF:src/schemas/booking-schema.ts
FNF:0
FNH:0
DA:1,2
DA:3,2
DA:7,2
LF:3
LH:3
BRF:0
BRH:0
end_of_record
TN:
SF:src/schemas/enrollments-schemas.ts
FN:23,(anonymous_1)
FN:30,joiCpfValidation
FN:40,JoiCepValidation
FN:50,joiMobilePhoneValidation
FNF:4
FNH:1
FNDA:54,(anonymous_1)
FNDA:0,joiCpfValidation
FNDA:0,JoiCepValidation
FNDA:0,joiMobilePhoneValidation
DA:1,2
DA:2,2
DA:5,2
DA:7,2
DA:9,2
DA:11,2
DA:23,54
DA:31,0
DA:33,0
DA:34,0
DA:37,0
DA:41,0
DA:43,0
DA:44,0
DA:47,0
DA:51,0
DA:53,0
DA:54,0
DA:57,0
LF:19
LH:7
BRDA:31,0,0,0
BRDA:33,1,0,0
BRDA:41,2,0,0
BRDA:43,3,0,0
BRDA:51,4,0,0
BRDA:53,5,0,0
BRF:6
BRH:0
end_of_record
TN:
SF:src/schemas/index.ts
FNF:0
FNH:0
DA:1,2
DA:2,2
DA:3,2
DA:4,2
DA:5,2
DA:6,2
LF:6
LH:6
BRF:0
BRH:0
end_of_record
TN:
SF:src/schemas/payments-schema.ts
FNF:0
FNH:0
DA:2,2
DA:4,2
DA:15,2
LF:3
LH:3
BRF:0
BRH:0
end_of_record
TN:
SF:src/schemas/ticket-schema.ts
FNF:0
FNH:0
DA:1,2
DA:6,2
LF:2
LH:2
BRF:0
BRH:0
end_of_record
TN:
SF:src/schemas/users-schemas.ts
FNF:0
FNH:0
DA:1,2
DA:4,2
LF:2
LH:2
BRF:0
BRH:0
end_of_record
TN:
SF:src/services/authentication-service/errors.ts
FN:3,invalidCredentialsError
FNF:1
FNH:0
FNDA:0,invalidCredentialsError
DA:3,2
DA:4,0
LF:2
LH:1
BRF:0
BRH:0
end_of_record
TN:
SF:src/services/authentication-service/index.ts
FN:9,signIn
FN:24,getUserOrFail
FN:31,createSession
FN:41,validatePasswordOrFail
FNF:4
FNH:0
FNDA:0,signIn
FNDA:0,getUserOrFail
FNDA:0,createSession
FNDA:0,validatePasswordOrFail
DA:2,2
DA:3,2
DA:4,2
DA:5,2
DA:6,2
DA:7,2
DA:10,0
DA:12,0
DA:14,0
DA:16,0
DA:18,0
DA:25,0
DA:26,0
DA:28,0
DA:32,0
DA:33,0
DA:38,0
DA:42,0
DA:43,0
DA:55,2
DA:59,2
DA:60,2
LF:22
LH:9
BRDA:26,0,0,0
BRDA:43,1,0,0
BRF:2
BRH:0
end_of_record
TN:
SF:src/services/booking-service/index.ts
FN:6,getBooking
FN:14,postBooking
FNF:2
FNH:2
FNDA:4,getBooking
FNDA:3,postBooking
DA:1,2
DA:2,2
DA:3,2
DA:4,2
DA:6,2
DA:7,4
DA:8,4
DA:9,2
DA:11,2
DA:14,2
DA:15,3
DA:16,3
DA:17,3
DA:18,1
DA:20,2
DA:21,2
DA:22,1
DA:24,1
LF:18
LH:18
BRDA:8,0,0,2
BRDA:17,1,0,1
BRDA:21,2,0,1
BRF:3
BRH:3
end_of_record
TN:
SF:src/services/enrollments-service/index.ts
FN:9,getAddressFromCEP
FN:29,getOneWithAddressByUserId
FN:45,getFirstAddress
FN:53,createOrUpdateEnrollmentWithAddress
FN:64,getAddressForUpsert
FNF:5
FNH:0
FNDA:0,getAddressFromCEP
FNDA:0,getOneWithAddressByUserId
FNDA:0,getFirstAddress
FNDA:0,createOrUpdateEnrollmentWithAddress
FNDA:0,getAddressForUpsert
DA:2,2
DA:3,2
DA:4,2
DA:5,2
DA:6,2
DA:10,0
DA:12,0
DA:13,0
DA:16,0
DA:18,0
DA:26,0
DA:30,0
DA:32,0
DA:34,0
DA:35,0
DA:37,0
DA:46,0
DA:48,0
DA:54,0
DA:55,0
DA:57,0
DA:59,0
DA:61,0
DA:65,0
DA:75,2
DA:81,2
LF:26
LH:7
BRDA:12,0,0,0
BRDA:12,1,0,0
BRDA:12,1,1,0
BRDA:32,2,0,0
BRDA:39,3,0,0
BRDA:39,3,1,0
BRDA:46,4,0,0
BRDA:67,5,0,0
BRDA:67,5,1,0
BRF:9
BRH:0
end_of_record
TN:
SF:src/services/events-service/index.ts
FN:7,getFirstEvent
FN:16,isCurrentEventActive
FNF:2
FNH:0
FNDA:0,getFirstEvent
FNDA:0,isCurrentEventActive
DA:2,2
DA:3,2
DA:4,2
DA:5,2
DA:8,0
DA:9,0
DA:11,0
DA:17,0
DA:18,0
DA:20,0
DA:21,0
DA:22,0
DA:24,0
DA:27,2
DA:32,2
LF:15
LH:6
BRDA:9,0,0,0
BRDA:18,1,0,0
BRDA:24,2,0,0
BRDA:24,2,1,0
BRF:4
BRH:0
end_of_record
TN:
SF:src/services/hotels-service/index.ts
FN:5,getHotels
FN:14,getHotelsById
FNF:2
FNH:0
FNDA:0,getHotels
FNDA:0,getHotelsById
DA:1,2
DA:2,2
DA:3,2
DA:5,2
DA:6,0
DA:7,0
DA:8,0
DA:9,0
DA:11,0
DA:14,2
DA:15,0
DA:16,0
DA:18,0
DA:19,0
DA:21,0
LF:15
LH:5
BRDA:8,0,0,0
BRDA:8,1,0,0
BRDA:8,1,1,0
BRDA:18,2,0,0
BRF:4
BRH:0
end_of_record
TN:
SF:src/services/payments-service/payments-service.ts
FN:5,verifyParameters
FN:12,getPayment
FN:17,postPayment
FNF:3
FNH:0
FNDA:0,verifyParameters
FNDA:0,getPayment
FNDA:0,postPayment
DA:1,2
DA:3,2
DA:5,2
DA:6,0
DA:7,0
DA:8,0
DA:9,0
DA:12,2
DA:13,0
DA:14,0
DA:17,2
DA:18,0
DA:19,0
DA:20,0
DA:21,0
LF:15
LH:5
BRDA:7,0,0,0
BRDA:9,1,0,0
BRF:2
BRH:0
end_of_record
TN:
SF:src/services/tickets-service/index.ts
FN:5,getTicketsType
FN:13,getTickets
FN:22,postTicket
FNF:3
FNH:0
FNDA:0,getTicketsType
FNDA:0,getTickets
FNDA:0,postTicket
DA:1,2
DA:3,2
DA:5,2
DA:6,0
DA:7,0
DA:8,0
DA:10,0
DA:13,2
DA:14,0
DA:15,0
DA:16,0
DA:17,0
DA:18,0
DA:19,0
DA:22,2
DA:23,0
DA:24,0
DA:25,0
DA:26,0
DA:27,0
DA:33,0
DA:34,0
LF:22
LH:5
BRDA:7,0,0,0
BRDA:16,1,0,0
BRDA:17,2,0,0
BRDA:25,3,0,0
BRDA:26,4,0,0
BRF:5
BRH:0
end_of_record
TN:
SF:src/services/users-service/errors.ts
FN:3,duplicatedEmailError
FNF:1
FNH:0
FNDA:0,duplicatedEmailError
DA:3,2
DA:4,0
LF:2
LH:1
BRF:0
BRH:0
end_of_record
TN:
SF:src/services/users-service/index.ts
FN:8,createUser
FN:20,validateUniqueEmailOrFail
FN:27,canEnrollOrFail
FNF:3
FNH:0
FNDA:0,createUser
FNDA:0,validateUniqueEmailOrFail
FNDA:0,canEnrollOrFail
DA:2,2
DA:3,2
DA:4,2
DA:5,2
DA:6,2
DA:8,2
DA:9,0
DA:11,0
DA:13,0
DA:14,0
DA:21,0
DA:22,0
DA:23,0
DA:28,0
DA:29,0
DA:30,0
DA:36,2
DA:40,2
DA:41,2
LF:19
LH:9
BRDA:22,0,0,0
BRDA:29,1,0,0
BRF:2
BRH:0
end_of_record
TN:
SF:src/utils/prisma-utils.ts
FN:1,exclude
FNF:1
FNH:0
FNDA:0,exclude
DA:1,2
DA:2,0
DA:3,0
DA:4,0
DA:6,0
LF:5
LH:1
BRF:0
BRH:0
end_of_record
TN:
SF:src/utils/request.ts
FN:4,get
FNF:1
FNH:0
FNDA:0,get
DA:1,2
DA:2,2
DA:5,0
DA:6,0
DA:7,0
DA:9,0
DA:11,0
DA:15,2
LF:8
LH:3
BRF:0
BRH:0
end_of_record
TN:
SF:tests/helpers.ts
FN:8,cleanDb
FN:22,generateValidToken
FNF:2
FNH:2
FNDA:6,cleanDb
FNDA:2,generateValidToken
DA:1,2
DA:4,2
DA:5,2
DA:6,2
DA:8,2
DA:9,6
DA:10,6
DA:11,6
DA:12,6
DA:13,6
DA:14,6
DA:15,6
DA:16,6
DA:17,6
DA:18,6
DA:19,6
DA:22,2
DA:23,2
DA:24,2
DA:26,2
DA:28,2
LF:21
LH:21
BRDA:23,0,0,2
BRDA:23,0,1,0
BRF:2
BRH:1
end_of_record
TN:
SF:tests/factories/booking-factory.ts
FN:3,createBooking
FNF:1
FNH:1
FNDA:1,createBooking
DA:1,1
DA:3,1
DA:4,1
LF:3
LH:3
BRF:0
BRH:0
end_of_record
TN:
SF:tests/factories/enrollments-factory.ts
FN:8,createEnrollmentWithAddress
FN:35,createhAddressWithCEP
FNF:2
FNH:0
FNDA:0,createEnrollmentWithAddress
FNDA:0,createhAddressWithCEP
DA:1,2
DA:2,2
DA:5,2
DA:6,2
DA:8,2
DA:9,0
DA:11,0
DA:35,2
DA:36,0
LF:9
LH:6
BRDA:9,0,0,0
BRDA:9,0,1,0
BRF:2
BRH:0
end_of_record
TN:
SF:tests/factories/events-factory.ts
FN:6,createEvent
FNF:1
FNH:0
FNDA:0,createEvent
DA:1,2
DA:2,2
DA:4,2
DA:6,2
DA:7,0
LF:5
LH:4
BRDA:6,0,0,0
BRDA:9,1,0,0
BRDA:9,1,1,0
BRDA:10,2,0,0
BRDA:10,2,1,0
BRDA:11,3,0,0
BRDA:11,3,1,0
BRDA:12,4,0,0
BRDA:12,4,1,0
BRDA:13,5,0,0
BRDA:13,5,1,0
BRF:11
BRH:0
end_of_record
TN:
SF:tests/factories/hotel-factory.ts
FN:4,createHotel
FN:13,createManyHotels
FN:27,createHotelWithRooms
FN:49,createManyHotelsWithRooms
FN:58,generateNotAPositiveNumber
FNF:5
FNH:1
FNDA:0,createHotel
FNDA:0,createManyHotels
FNDA:1,createHotelWithRooms
FNDA:0,createManyHotelsWithRooms
FNDA:0,generateNotAPositiveNumber
DA:1,2
DA:2,2
DA:4,2
DA:5,0
DA:13,2
DA:14,0
DA:15,0
DA:16,0
DA:20,0
DA:22,0
DA:27,2
DA:28,1
DA:29,1
DA:30,10
DA:35,1
DA:49,2
DA:50,0
DA:51,0
DA:52,0
DA:53,0
DA:55,0
DA:58,2
DA:59,0
DA:60,0
DA:61,0
DA:63,0
DA:65,0
LF:27
LH:11
BRDA:60,0,0,0
BRF:1
BRH:0
end_of_record
TN:
SF:tests/factories/index.ts
FNF:0
FNH:0
DA:1,2
DA:2,2
DA:3,2
DA:4,2
DA:5,2
DA:6,2
DA:7,2
LF:7
LH:7
BRF:0
BRH:0
end_of_record
TN:
SF:tests/factories/payments-factory.ts
FN:4,createPayment
FN:15,generateCreditCardData
FNF:2
FNH:0
FNDA:0,createPayment
FNDA:0,generateCreditCardData
DA:1,2
DA:2,2
DA:4,2
DA:5,0
DA:15,2
DA:16,0
DA:18,0
LF:7
LH:4
BRF:0
BRH:0
end_of_record
TN:
SF:tests/factories/sessions-factory.ts
FN:5,createSession
FNF:1
FNH:1
FNDA:2,createSession
DA:2,2
DA:3,2
DA:5,2
DA:6,2
DA:8,2
LF:5
LH:5
BRF:0
BRH:0
end_of_record
TN:
SF:tests/factories/tickets-factory.ts
FN:5,createTicketType
FN:16,createTicketTypeWhitDetails
FN:27,createTicket
FNF:3
FNH:0
FNDA:0,createTicketType
FNDA:0,createTicketTypeWhitDetails
FNDA:0,createTicket
DA:1,2
DA:3,2
DA:5,2
DA:6,0
DA:16,2
DA:17,0
DA:27,2
DA:28,0
LF:8
LH:5
BRF:0
BRH:0
end_of_record
TN:
SF:tests/factories/users-factory.ts
FN:6,createUser
FNF:1
FNH:1
FNDA:5,createUser
DA:1,2
DA:2,2
DA:4,2
DA:6,2
DA:7,5
DA:8,5
DA:10,5
LF:7
LH:7
BRDA:6,0,0,5
BRDA:7,1,0,5
BRDA:7,1,1,5
BRDA:12,2,0,5
BRDA:12,2,1,5
BRF:5
BRH:5
end_of_record
